2023-02-20T09:11:07.351-06:00 INFO  [-] 2023-02-20 09:11:07,351 [restartedMain] c.a.t.TrakdApplication - Starting TrakdApplication using Java 19.0.2 with PID 79565 (/Users/kaysieanderson/Documents/Trakd/target/classes started by kaysieanderson in /Users/kaysieanderson/Documents/Trakd)
 79565 --- [restartedMain] com.anderson.trakd.TrakdApplication      : Starting TrakdApplication using Java 19.0.2 with PID 79565 (/Users/kaysieanderson/Documents/Trakd/target/classes started by kaysieanderson in /Users/kaysieanderson/Documents/Trakd)
2023-02-20T09:11:07.397-06:00 INFO  [-] 2023-02-20 09:11:07,397 [restartedMain] c.a.t.TrakdApplication - No active profile set, falling back to 1 default profile: "default"
 79565 --- [restartedMain] com.anderson.trakd.TrakdApplication      : No active profile set, falling back to 1 default profile: "default"
2023-02-20T09:11:07.877-06:00 INFO  [-] 2023-02-20 09:11:07,877 [restartedMain] o.s.b.d.e.DevToolsPropertyDefaultsPostProcessor - Devtools property defaults active! Set 'spring.devtools.add-properties' to 'false' to disable
 79565 --- [restartedMain] .e.DevToolsPropertyDefaultsPostProcessor : Devtools property defaults active! Set 'spring.devtools.add-properties' to 'false' to disable
2023-02-20T09:11:07.878-06:00 INFO  [-] 2023-02-20 09:11:07,878 [restartedMain] o.s.b.d.e.DevToolsPropertyDefaultsPostProcessor - For additional web related logging consider setting the 'logging.level.web' property to 'DEBUG'
 79565 --- [restartedMain] .e.DevToolsPropertyDefaultsPostProcessor : For additional web related logging consider setting the 'logging.level.web' property to 'DEBUG'
2023-02-20T09:11:10.314-06:00 WARN  [-] 2023-02-20 09:11:10,314 [restartedMain] o.s.c.LocalVariableTableParameterNameDiscoverer - Using deprecated '-debug' fallback for parameter name resolution. Compile the affected code with '-parameters' instead or avoid its introspection: org.springframework.session.config.annotation.web.http.SpringHttpSessionConfiguration
 79565 --- [restartedMain] ocalVariableTableParameterNameDiscoverer : Using deprecated '-debug' fallback for parameter name resolution. Compile the affected code with '-parameters' instead or avoid its introspection: org.springframework.session.config.annotation.web.http.SpringHttpSessionConfiguration
2023-02-20T09:11:10.373-06:00 INFO  [-] 2023-02-20 09:11:10,373 [restartedMain] o.s.d.r.c.RepositoryConfigurationDelegate - Bootstrapping Spring Data JPA repositories in DEFAULT mode.
 79565 --- [restartedMain] .s.d.r.c.RepositoryConfigurationDelegate : Bootstrapping Spring Data JPA repositories in DEFAULT mode.
2023-02-20T09:11:10.446-06:00 INFO  [-] 2023-02-20 09:11:10,446 [restartedMain] o.s.d.r.c.RepositoryConfigurationDelegate - Finished Spring Data repository scanning in 61 ms. Found 5 JPA repository interfaces.
 79565 --- [restartedMain] .s.d.r.c.RepositoryConfigurationDelegate : Finished Spring Data repository scanning in 61 ms. Found 5 JPA repository interfaces.
2023-02-20T09:11:11.208-06:00 INFO  [-] 2023-02-20 09:11:11,208 [restartedMain] o.s.b.w.e.t.TomcatWebServer - Tomcat initialized with port(s): 8080 (http)
 79565 --- [restartedMain] o.s.b.w.embedded.tomcat.TomcatWebServer  : Tomcat initialized with port(s): 8080 (http)
2023-02-20T09:11:11.221-06:00 INFO  [-] 2023-02-20 09:11:11,221 [restartedMain] o.a.c.c.StandardService - Starting service [Tomcat]
 79565 --- [restartedMain] o.apache.catalina.core.StandardService   : Starting service [Tomcat]
2023-02-20T09:11:11.222-06:00 INFO  [-] 2023-02-20 09:11:11,222 [restartedMain] o.a.c.c.StandardEngine - Starting Servlet engine: [Apache Tomcat/10.1.5]
 79565 --- [restartedMain] o.apache.catalina.core.StandardEngine    : Starting Servlet engine: [Apache Tomcat/10.1.5]
2023-02-20T09:11:11.281-06:00 INFO  [-] 2023-02-20 09:11:11,281 [restartedMain] o.a.c.c.C.[.[.[/] - Initializing Spring embedded WebApplicationContext
 79565 --- [restartedMain] o.a.c.c.C.[Tomcat].[localhost].[/]       : Initializing Spring embedded WebApplicationContext
2023-02-20T09:11:11.282-06:00 INFO  [-] 2023-02-20 09:11:11,282 [restartedMain] o.s.b.w.s.c.ServletWebServerApplicationContext - Root WebApplicationContext: initialization completed in 3402 ms
 79565 --- [restartedMain] w.s.c.ServletWebServerApplicationContext : Root WebApplicationContext: initialization completed in 3402 ms
2023-02-20T09:11:11.529-06:00 INFO  [-] 2023-02-20 09:11:11,529 [restartedMain] c.z.h.HikariDataSource - HikariPool-1 - Starting...
 79565 --- [restartedMain] com.zaxxer.hikari.HikariDataSource       : HikariPool-1 - Starting...
2023-02-20T09:11:12.446-06:00 INFO  [-] 2023-02-20 09:11:12,446 [restartedMain] c.z.h.p.HikariPool - HikariPool-1 - Added connection com.mysql.cj.jdbc.ConnectionImpl@32cf7b7d
 79565 --- [restartedMain] com.zaxxer.hikari.pool.HikariPool        : HikariPool-1 - Added connection com.mysql.cj.jdbc.ConnectionImpl@32cf7b7d
2023-02-20T09:11:12.449-06:00 INFO  [-] 2023-02-20 09:11:12,449 [restartedMain] c.z.h.HikariDataSource - HikariPool-1 - Start completed.
 79565 --- [restartedMain] com.zaxxer.hikari.HikariDataSource       : HikariPool-1 - Start completed.
2023-02-20T09:11:13.010-06:00 INFO  [-] 2023-02-20 09:11:13,010 [restartedMain] o.h.j.i.u.LogHelper - HHH000204: Processing PersistenceUnitInfo [name: default]
 79565 --- [restartedMain] o.hibernate.jpa.internal.util.LogHelper  : HHH000204: Processing PersistenceUnitInfo [name: default]
2023-02-20T09:11:13.125-06:00 INFO  [-] 2023-02-20 09:11:13,125 [restartedMain] o.h.Version - HHH000412: Hibernate ORM core version 6.1.6.Final
 79565 --- [restartedMain] org.hibernate.Version                    : HHH000412: Hibernate ORM core version 6.1.6.Final
2023-02-20T09:11:13.740-06:00 WARN  [-] 2023-02-20 09:11:13,740 [restartedMain] o.h.o.deprecation - HHH90000021: Encountered deprecated setting [javax.persistence.sharedCache.mode], use [jakarta.persistence.sharedCache.mode] instead
 79565 --- [restartedMain] org.hibernate.orm.deprecation            : HHH90000021: Encountered deprecated setting [javax.persistence.sharedCache.mode], use [jakarta.persistence.sharedCache.mode] instead
2023-02-20T09:11:14.633-06:00 INFO  [-] 2023-02-20 09:11:14,633 [restartedMain] SQL dialect - HHH000400: Using dialect: org.hibernate.dialect.MySQLDialect
 79565 --- [restartedMain] SQL dialect                              : HHH000400: Using dialect: org.hibernate.dialect.MySQLDialect
2023-02-20T09:11:18.607-06:00 INFO  [-] 2023-02-20 09:11:18,607 [restartedMain] o.h.e.t.j.p.i.JtaPlatformInitiator - HHH000490: Using JtaPlatform implementation: [org.hibernate.engine.transaction.jta.platform.internal.NoJtaPlatform]
 79565 --- [restartedMain] o.h.e.t.j.p.i.JtaPlatformInitiator       : HHH000490: Using JtaPlatform implementation: [org.hibernate.engine.transaction.jta.platform.internal.NoJtaPlatform]
2023-02-20T09:11:18.631-06:00 INFO  [-] 2023-02-20 09:11:18,631 [restartedMain] o.s.o.j.LocalContainerEntityManagerFactoryBean - Initialized JPA EntityManagerFactory for persistence unit 'default'
 79565 --- [restartedMain] j.LocalContainerEntityManagerFactoryBean : Initialized JPA EntityManagerFactory for persistence unit 'default'
2023-02-20T09:11:20.861-06:00 WARN  [-] 2023-02-20 09:11:20,861 [restartedMain] o.s.b.a.o.j.JpaBaseConfiguration$JpaWebConfiguration - spring.jpa.open-in-view is enabled by default. Therefore, database queries may be performed during view rendering. Explicitly configure spring.jpa.open-in-view to disable this warning
 79565 --- [restartedMain] JpaBaseConfiguration$JpaWebConfiguration : spring.jpa.open-in-view is enabled by default. Therefore, database queries may be performed during view rendering. Explicitly configure spring.jpa.open-in-view to disable this warning
2023-02-20T09:11:21.596-06:00 INFO  [-] 2023-02-20 09:11:21,596 [restartedMain] o.s.b.d.a.OptionalLiveReloadServer - LiveReload server is running on port 35729
 79565 --- [restartedMain] o.s.b.d.a.OptionalLiveReloadServer       : LiveReload server is running on port 35729
2023-02-20T09:11:21.606-06:00 INFO  [-] 2023-02-20 09:11:21,606 [restartedMain] o.s.b.a.e.w.EndpointLinksResolver - Exposing 1 endpoint(s) beneath base path '/actuator'
 79565 --- [restartedMain] o.s.b.a.e.web.EndpointLinksResolver      : Exposing 1 endpoint(s) beneath base path '/actuator'
2023-02-20T09:11:21.701-06:00 INFO  [-] 2023-02-20 09:11:21,701 [restartedMain] o.s.b.w.e.t.TomcatWebServer - Tomcat started on port(s): 8080 (http) with context path ''
 79565 --- [restartedMain] o.s.b.w.embedded.tomcat.TomcatWebServer  : Tomcat started on port(s): 8080 (http) with context path ''
2023-02-20T09:11:21.719-06:00 INFO  [-] 2023-02-20 09:11:21,719 [restartedMain] c.a.t.TrakdApplication - Started TrakdApplication in 16.805 seconds (process running for 19.878)
 79565 --- [restartedMain] com.anderson.trakd.TrakdApplication      : Started TrakdApplication in 16.805 seconds (process running for 19.878)
2023-02-20T09:11:22.315-06:00 INFO  [-] 2023-02-20 09:11:22,315 [RMI TCP Connection(5)-192.168.1.6] o.a.c.c.C.[.[.[/] - Initializing Spring DispatcherServlet 'dispatcherServlet'
 79565 --- [RMI TCP Connection(5)-192.168.1.6] o.a.c.c.C.[Tomcat].[localhost].[/]       : Initializing Spring DispatcherServlet 'dispatcherServlet'
2023-02-20T09:11:22.317-06:00 INFO  [-] 2023-02-20 09:11:22,317 [RMI TCP Connection(5)-192.168.1.6] o.s.w.s.DispatcherServlet - Initializing Servlet 'dispatcherServlet'
 79565 --- [RMI TCP Connection(5)-192.168.1.6] o.s.web.servlet.DispatcherServlet        : Initializing Servlet 'dispatcherServlet'
2023-02-20T09:11:22.320-06:00 INFO  [-] 2023-02-20 09:11:22,320 [RMI TCP Connection(5)-192.168.1.6] o.s.w.s.DispatcherServlet - Completed initialization in 3 ms
 79565 --- [RMI TCP Connection(5)-192.168.1.6] o.s.web.servlet.DispatcherServlet        : Completed initialization in 3 ms
2023-02-20T09:12:09.563-06:00 WARN  [-] 2023-02-20 09:12:09,563 [http-nio-8080-exec-6] o.t.s.p.AbstractStandardFragmentInsertionTagProcessor - [THYMELEAF][http-nio-8080-exec-6][dashboard] Deprecated unwrapped fragment expression "dropdown_navbar :: nav" found in template dashboard, line 16, col 6. Please use the complete syntax of fragment expressions instead ("~{dropdown_navbar :: nav}"). The old, unwrapped syntax for fragment expressions will be removed in future versions of Thymeleaf.
 79565 --- [http-nio-8080-exec-6] actStandardFragmentInsertionTagProcessor : [THYMELEAF][http-nio-8080-exec-6][dashboard] Deprecated unwrapped fragment expression "dropdown_navbar :: nav" found in template dashboard, line 16, col 6. Please use the complete syntax of fragment expressions instead ("~{dropdown_navbar :: nav}"). The old, unwrapped syntax for fragment expressions will be removed in future versions of Thymeleaf.
2023-02-20T09:12:56.228-06:00 WARN  [-] 2023-02-20 09:12:56,228 [http-nio-8080-exec-2] o.t.s.p.AbstractStandardFragmentInsertionTagProcessor - [THYMELEAF][http-nio-8080-exec-2][dashboard] Deprecated unwrapped fragment expression "dropdown_navbar :: nav" found in template dashboard, line 16, col 6. Please use the complete syntax of fragment expressions instead ("~{dropdown_navbar :: nav}"). The old, unwrapped syntax for fragment expressions will be removed in future versions of Thymeleaf.
 79565 --- [http-nio-8080-exec-2] actStandardFragmentInsertionTagProcessor : [THYMELEAF][http-nio-8080-exec-2][dashboard] Deprecated unwrapped fragment expression "dropdown_navbar :: nav" found in template dashboard, line 16, col 6. Please use the complete syntax of fragment expressions instead ("~{dropdown_navbar :: nav}"). The old, unwrapped syntax for fragment expressions will be removed in future versions of Thymeleaf.
2023-02-20T09:13:00.232-06:00 WARN  [-] 2023-02-20 09:13:00,232 [http-nio-8080-exec-6] o.t.s.p.AbstractStandardFragmentInsertionTagProcessor - [THYMELEAF][http-nio-8080-exec-6][dashboard] Deprecated unwrapped fragment expression "dropdown_navbar :: nav" found in template dashboard, line 16, col 6. Please use the complete syntax of fragment expressions instead ("~{dropdown_navbar :: nav}"). The old, unwrapped syntax for fragment expressions will be removed in future versions of Thymeleaf.
 79565 --- [http-nio-8080-exec-6] actStandardFragmentInsertionTagProcessor : [THYMELEAF][http-nio-8080-exec-6][dashboard] Deprecated unwrapped fragment expression "dropdown_navbar :: nav" found in template dashboard, line 16, col 6. Please use the complete syntax of fragment expressions instead ("~{dropdown_navbar :: nav}"). The old, unwrapped syntax for fragment expressions will be removed in future versions of Thymeleaf.
2023-02-20T09:13:10.301-06:00 WARN  [-] 2023-02-20 09:13:10,301 [http-nio-8080-exec-10] o.t.s.p.AbstractStandardFragmentInsertionTagProcessor - [THYMELEAF][http-nio-8080-exec-10][dashboard] Deprecated unwrapped fragment expression "dropdown_navbar :: nav" found in template dashboard, line 16, col 6. Please use the complete syntax of fragment expressions instead ("~{dropdown_navbar :: nav}"). The old, unwrapped syntax for fragment expressions will be removed in future versions of Thymeleaf.
 79565 --- [http-nio-8080-exec-10] actStandardFragmentInsertionTagProcessor : [THYMELEAF][http-nio-8080-exec-10][dashboard] Deprecated unwrapped fragment expression "dropdown_navbar :: nav" found in template dashboard, line 16, col 6. Please use the complete syntax of fragment expressions instead ("~{dropdown_navbar :: nav}"). The old, unwrapped syntax for fragment expressions will be removed in future versions of Thymeleaf.
2023-02-20T09:13:15.038-06:00 WARN  [-] 2023-02-20 09:13:15,038 [http-nio-8080-exec-4] o.t.s.p.AbstractStandardFragmentInsertionTagProcessor - [THYMELEAF][http-nio-8080-exec-4][dashboard] Deprecated unwrapped fragment expression "dropdown_navbar :: nav" found in template dashboard, line 16, col 6. Please use the complete syntax of fragment expressions instead ("~{dropdown_navbar :: nav}"). The old, unwrapped syntax for fragment expressions will be removed in future versions of Thymeleaf.
 79565 --- [http-nio-8080-exec-4] actStandardFragmentInsertionTagProcessor : [THYMELEAF][http-nio-8080-exec-4][dashboard] Deprecated unwrapped fragment expression "dropdown_navbar :: nav" found in template dashboard, line 16, col 6. Please use the complete syntax of fragment expressions instead ("~{dropdown_navbar :: nav}"). The old, unwrapped syntax for fragment expressions will be removed in future versions of Thymeleaf.
2023-02-20T09:13:20.945-06:00 WARN  [-] 2023-02-20 09:13:20,945 [http-nio-8080-exec-8] o.t.s.p.AbstractStandardFragmentInsertionTagProcessor - [THYMELEAF][http-nio-8080-exec-8][dashboard] Deprecated unwrapped fragment expression "dropdown_navbar :: nav" found in template dashboard, line 16, col 6. Please use the complete syntax of fragment expressions instead ("~{dropdown_navbar :: nav}"). The old, unwrapped syntax for fragment expressions will be removed in future versions of Thymeleaf.
 79565 --- [http-nio-8080-exec-8] actStandardFragmentInsertionTagProcessor : [THYMELEAF][http-nio-8080-exec-8][dashboard] Deprecated unwrapped fragment expression "dropdown_navbar :: nav" found in template dashboard, line 16, col 6. Please use the complete syntax of fragment expressions instead ("~{dropdown_navbar :: nav}"). The old, unwrapped syntax for fragment expressions will be removed in future versions of Thymeleaf.
2023-02-20T09:13:51.194-06:00 WARN  [-] 2023-02-20 09:13:51,194 [http-nio-8080-exec-7] o.t.s.p.AbstractStandardFragmentInsertionTagProcessor - [THYMELEAF][http-nio-8080-exec-7][dashboard] Deprecated unwrapped fragment expression "dropdown_navbar :: nav" found in template dashboard, line 16, col 6. Please use the complete syntax of fragment expressions instead ("~{dropdown_navbar :: nav}"). The old, unwrapped syntax for fragment expressions will be removed in future versions of Thymeleaf.
 79565 --- [http-nio-8080-exec-7] actStandardFragmentInsertionTagProcessor : [THYMELEAF][http-nio-8080-exec-7][dashboard] Deprecated unwrapped fragment expression "dropdown_navbar :: nav" found in template dashboard, line 16, col 6. Please use the complete syntax of fragment expressions instead ("~{dropdown_navbar :: nav}"). The old, unwrapped syntax for fragment expressions will be removed in future versions of Thymeleaf.
2023-02-20T09:14:01.198-06:00 WARN  [-] 2023-02-20 09:14:01,198 [http-nio-8080-exec-9] o.t.s.p.AbstractStandardFragmentInsertionTagProcessor - [THYMELEAF][http-nio-8080-exec-9][dashboard] Deprecated unwrapped fragment expression "dropdown_navbar :: nav" found in template dashboard, line 16, col 6. Please use the complete syntax of fragment expressions instead ("~{dropdown_navbar :: nav}"). The old, unwrapped syntax for fragment expressions will be removed in future versions of Thymeleaf.
 79565 --- [http-nio-8080-exec-9] actStandardFragmentInsertionTagProcessor : [THYMELEAF][http-nio-8080-exec-9][dashboard] Deprecated unwrapped fragment expression "dropdown_navbar :: nav" found in template dashboard, line 16, col 6. Please use the complete syntax of fragment expressions instead ("~{dropdown_navbar :: nav}"). The old, unwrapped syntax for fragment expressions will be removed in future versions of Thymeleaf.
2023-02-20T09:14:56.277-06:00 WARN  [-] 2023-02-20 09:14:56,277 [http-nio-8080-exec-8] o.t.s.p.AbstractStandardFragmentInsertionTagProcessor - [THYMELEAF][http-nio-8080-exec-8][dashboard] Deprecated unwrapped fragment expression "dropdown_navbar :: nav" found in template dashboard, line 16, col 6. Please use the complete syntax of fragment expressions instead ("~{dropdown_navbar :: nav}"). The old, unwrapped syntax for fragment expressions will be removed in future versions of Thymeleaf.
 79565 --- [http-nio-8080-exec-8] actStandardFragmentInsertionTagProcessor : [THYMELEAF][http-nio-8080-exec-8][dashboard] Deprecated unwrapped fragment expression "dropdown_navbar :: nav" found in template dashboard, line 16, col 6. Please use the complete syntax of fragment expressions instead ("~{dropdown_navbar :: nav}"). The old, unwrapped syntax for fragment expressions will be removed in future versions of Thymeleaf.
2023-02-20T09:16:41.249-06:00 WARN  [-] 2023-02-20 09:16:41,249 [http-nio-8080-exec-1] o.t.s.p.AbstractStandardFragmentInsertionTagProcessor - [THYMELEAF][http-nio-8080-exec-1][dashboard] Deprecated unwrapped fragment expression "dropdown_navbar :: nav" found in template dashboard, line 16, col 6. Please use the complete syntax of fragment expressions instead ("~{dropdown_navbar :: nav}"). The old, unwrapped syntax for fragment expressions will be removed in future versions of Thymeleaf.
 79565 --- [http-nio-8080-exec-1] actStandardFragmentInsertionTagProcessor : [THYMELEAF][http-nio-8080-exec-1][dashboard] Deprecated unwrapped fragment expression "dropdown_navbar :: nav" found in template dashboard, line 16, col 6. Please use the complete syntax of fragment expressions instead ("~{dropdown_navbar :: nav}"). The old, unwrapped syntax for fragment expressions will be removed in future versions of Thymeleaf.
2023-02-20T09:18:28.556-06:00 WARN  [-] 2023-02-20 09:18:28,556 [http-nio-8080-exec-1] o.t.s.p.AbstractStandardFragmentInsertionTagProcessor - [THYMELEAF][http-nio-8080-exec-1][dashboard] Deprecated unwrapped fragment expression "dropdown_navbar :: nav" found in template dashboard, line 16, col 6. Please use the complete syntax of fragment expressions instead ("~{dropdown_navbar :: nav}"). The old, unwrapped syntax for fragment expressions will be removed in future versions of Thymeleaf.
 79565 --- [http-nio-8080-exec-1] actStandardFragmentInsertionTagProcessor : [THYMELEAF][http-nio-8080-exec-1][dashboard] Deprecated unwrapped fragment expression "dropdown_navbar :: nav" found in template dashboard, line 16, col 6. Please use the complete syntax of fragment expressions instead ("~{dropdown_navbar :: nav}"). The old, unwrapped syntax for fragment expressions will be removed in future versions of Thymeleaf.
2023-02-20T09:18:45.996-06:00 WARN  [-] 2023-02-20 09:18:45,996 [http-nio-8080-exec-10] o.t.s.p.AbstractStandardFragmentInsertionTagProcessor - [THYMELEAF][http-nio-8080-exec-10][dashboard] Deprecated unwrapped fragment expression "dropdown_navbar :: nav" found in template dashboard, line 16, col 6. Please use the complete syntax of fragment expressions instead ("~{dropdown_navbar :: nav}"). The old, unwrapped syntax for fragment expressions will be removed in future versions of Thymeleaf.
 79565 --- [http-nio-8080-exec-10] actStandardFragmentInsertionTagProcessor : [THYMELEAF][http-nio-8080-exec-10][dashboard] Deprecated unwrapped fragment expression "dropdown_navbar :: nav" found in template dashboard, line 16, col 6. Please use the complete syntax of fragment expressions instead ("~{dropdown_navbar :: nav}"). The old, unwrapped syntax for fragment expressions will be removed in future versions of Thymeleaf.
2023-02-20T09:18:51.398-06:00 WARN  [-] 2023-02-20 09:18:51,398 [http-nio-8080-exec-4] o.t.s.p.AbstractStandardFragmentInsertionTagProcessor - [THYMELEAF][http-nio-8080-exec-4][dashboard] Deprecated unwrapped fragment expression "dropdown_navbar :: nav" found in template dashboard, line 16, col 6. Please use the complete syntax of fragment expressions instead ("~{dropdown_navbar :: nav}"). The old, unwrapped syntax for fragment expressions will be removed in future versions of Thymeleaf.
 79565 --- [http-nio-8080-exec-4] actStandardFragmentInsertionTagProcessor : [THYMELEAF][http-nio-8080-exec-4][dashboard] Deprecated unwrapped fragment expression "dropdown_navbar :: nav" found in template dashboard, line 16, col 6. Please use the complete syntax of fragment expressions instead ("~{dropdown_navbar :: nav}"). The old, unwrapped syntax for fragment expressions will be removed in future versions of Thymeleaf.
2023-02-20T09:18:59.534-06:00 WARN  [-] 2023-02-20 09:18:59,534 [http-nio-8080-exec-9] o.t.s.p.AbstractStandardFragmentInsertionTagProcessor - [THYMELEAF][http-nio-8080-exec-9][dashboard] Deprecated unwrapped fragment expression "dropdown_navbar :: nav" found in template dashboard, line 16, col 6. Please use the complete syntax of fragment expressions instead ("~{dropdown_navbar :: nav}"). The old, unwrapped syntax for fragment expressions will be removed in future versions of Thymeleaf.
 79565 --- [http-nio-8080-exec-9] actStandardFragmentInsertionTagProcessor : [THYMELEAF][http-nio-8080-exec-9][dashboard] Deprecated unwrapped fragment expression "dropdown_navbar :: nav" found in template dashboard, line 16, col 6. Please use the complete syntax of fragment expressions instead ("~{dropdown_navbar :: nav}"). The old, unwrapped syntax for fragment expressions will be removed in future versions of Thymeleaf.
2023-02-20T09:19:03.751-06:00 WARN  [-] 2023-02-20 09:19:03,751 [http-nio-8080-exec-2] o.t.s.p.AbstractStandardFragmentInsertionTagProcessor - [THYMELEAF][http-nio-8080-exec-2][dashboard] Deprecated unwrapped fragment expression "dropdown_navbar :: nav" found in template dashboard, line 16, col 6. Please use the complete syntax of fragment expressions instead ("~{dropdown_navbar :: nav}"). The old, unwrapped syntax for fragment expressions will be removed in future versions of Thymeleaf.
 79565 --- [http-nio-8080-exec-2] actStandardFragmentInsertionTagProcessor : [THYMELEAF][http-nio-8080-exec-2][dashboard] Deprecated unwrapped fragment expression "dropdown_navbar :: nav" found in template dashboard, line 16, col 6. Please use the complete syntax of fragment expressions instead ("~{dropdown_navbar :: nav}"). The old, unwrapped syntax for fragment expressions will be removed in future versions of Thymeleaf.
2023-02-20T09:19:11.203-06:00 WARN  [-] 2023-02-20 09:19:11,203 [http-nio-8080-exec-6] o.t.s.p.AbstractStandardFragmentInsertionTagProcessor - [THYMELEAF][http-nio-8080-exec-6][dashboard] Deprecated unwrapped fragment expression "dropdown_navbar :: nav" found in template dashboard, line 16, col 6. Please use the complete syntax of fragment expressions instead ("~{dropdown_navbar :: nav}"). The old, unwrapped syntax for fragment expressions will be removed in future versions of Thymeleaf.
 79565 --- [http-nio-8080-exec-6] actStandardFragmentInsertionTagProcessor : [THYMELEAF][http-nio-8080-exec-6][dashboard] Deprecated unwrapped fragment expression "dropdown_navbar :: nav" found in template dashboard, line 16, col 6. Please use the complete syntax of fragment expressions instead ("~{dropdown_navbar :: nav}"). The old, unwrapped syntax for fragment expressions will be removed in future versions of Thymeleaf.
2023-02-20T09:19:15.332-06:00 WARN  [-] 2023-02-20 09:19:15,332 [http-nio-8080-exec-10] o.t.s.p.AbstractStandardFragmentInsertionTagProcessor - [THYMELEAF][http-nio-8080-exec-10][dashboard] Deprecated unwrapped fragment expression "dropdown_navbar :: nav" found in template dashboard, line 16, col 6. Please use the complete syntax of fragment expressions instead ("~{dropdown_navbar :: nav}"). The old, unwrapped syntax for fragment expressions will be removed in future versions of Thymeleaf.
 79565 --- [http-nio-8080-exec-10] actStandardFragmentInsertionTagProcessor : [THYMELEAF][http-nio-8080-exec-10][dashboard] Deprecated unwrapped fragment expression "dropdown_navbar :: nav" found in template dashboard, line 16, col 6. Please use the complete syntax of fragment expressions instead ("~{dropdown_navbar :: nav}"). The old, unwrapped syntax for fragment expressions will be removed in future versions of Thymeleaf.
2023-02-20T09:19:19.921-06:00 WARN  [-] 2023-02-20 09:19:19,921 [http-nio-8080-exec-4] o.t.s.p.AbstractStandardFragmentInsertionTagProcessor - [THYMELEAF][http-nio-8080-exec-4][dashboard] Deprecated unwrapped fragment expression "dropdown_navbar :: nav" found in template dashboard, line 16, col 6. Please use the complete syntax of fragment expressions instead ("~{dropdown_navbar :: nav}"). The old, unwrapped syntax for fragment expressions will be removed in future versions of Thymeleaf.
 79565 --- [http-nio-8080-exec-4] actStandardFragmentInsertionTagProcessor : [THYMELEAF][http-nio-8080-exec-4][dashboard] Deprecated unwrapped fragment expression "dropdown_navbar :: nav" found in template dashboard, line 16, col 6. Please use the complete syntax of fragment expressions instead ("~{dropdown_navbar :: nav}"). The old, unwrapped syntax for fragment expressions will be removed in future versions of Thymeleaf.
2023-02-20T09:19:23.464-06:00 WARN  [-] 2023-02-20 09:19:23,464 [http-nio-8080-exec-9] o.t.s.p.AbstractStandardFragmentInsertionTagProcessor - [THYMELEAF][http-nio-8080-exec-9][dashboard] Deprecated unwrapped fragment expression "dropdown_navbar :: nav" found in template dashboard, line 16, col 6. Please use the complete syntax of fragment expressions instead ("~{dropdown_navbar :: nav}"). The old, unwrapped syntax for fragment expressions will be removed in future versions of Thymeleaf.
 79565 --- [http-nio-8080-exec-9] actStandardFragmentInsertionTagProcessor : [THYMELEAF][http-nio-8080-exec-9][dashboard] Deprecated unwrapped fragment expression "dropdown_navbar :: nav" found in template dashboard, line 16, col 6. Please use the complete syntax of fragment expressions instead ("~{dropdown_navbar :: nav}"). The old, unwrapped syntax for fragment expressions will be removed in future versions of Thymeleaf.
2023-02-20T09:20:04.994-06:00 WARN  [-] 2023-02-20 09:20:04,994 [http-nio-8080-exec-4] o.t.s.p.AbstractStandardFragmentInsertionTagProcessor - [THYMELEAF][http-nio-8080-exec-4][dashboard] Deprecated unwrapped fragment expression "dropdown_navbar :: nav" found in template dashboard, line 16, col 6. Please use the complete syntax of fragment expressions instead ("~{dropdown_navbar :: nav}"). The old, unwrapped syntax for fragment expressions will be removed in future versions of Thymeleaf.
 79565 --- [http-nio-8080-exec-4] actStandardFragmentInsertionTagProcessor : [THYMELEAF][http-nio-8080-exec-4][dashboard] Deprecated unwrapped fragment expression "dropdown_navbar :: nav" found in template dashboard, line 16, col 6. Please use the complete syntax of fragment expressions instead ("~{dropdown_navbar :: nav}"). The old, unwrapped syntax for fragment expressions will be removed in future versions of Thymeleaf.
2023-02-20T09:20:12.488-06:00 WARN  [-] 2023-02-20 09:20:12,488 [http-nio-8080-exec-9] o.t.s.p.AbstractStandardFragmentInsertionTagProcessor - [THYMELEAF][http-nio-8080-exec-9][dashboard] Deprecated unwrapped fragment expression "dropdown_navbar :: nav" found in template dashboard, line 16, col 6. Please use the complete syntax of fragment expressions instead ("~{dropdown_navbar :: nav}"). The old, unwrapped syntax for fragment expressions will be removed in future versions of Thymeleaf.
 79565 --- [http-nio-8080-exec-9] actStandardFragmentInsertionTagProcessor : [THYMELEAF][http-nio-8080-exec-9][dashboard] Deprecated unwrapped fragment expression "dropdown_navbar :: nav" found in template dashboard, line 16, col 6. Please use the complete syntax of fragment expressions instead ("~{dropdown_navbar :: nav}"). The old, unwrapped syntax for fragment expressions will be removed in future versions of Thymeleaf.
2023-02-20T09:42:05.337-06:00 INFO  [-] 2023-02-20 09:42:05,337 [SpringApplicationShutdownHook] o.s.o.j.LocalContainerEntityManagerFactoryBean - Closing JPA EntityManagerFactory for persistence unit 'default'
 79565 --- [SpringApplicationShutdownHook] j.LocalContainerEntityManagerFactoryBean : Closing JPA EntityManagerFactory for persistence unit 'default'
2023-02-20T09:42:05.353-06:00 INFO  [-] 2023-02-20 09:42:05,353 [SpringApplicationShutdownHook] c.z.h.HikariDataSource - HikariPool-1 - Shutdown initiated...
 79565 --- [SpringApplicationShutdownHook] com.zaxxer.hikari.HikariDataSource       : HikariPool-1 - Shutdown initiated...
2023-02-20T09:42:05.366-06:00 INFO  [-] 2023-02-20 09:42:05,366 [SpringApplicationShutdownHook] c.z.h.HikariDataSource - HikariPool-1 - Shutdown completed.
 79565 --- [SpringApplicationShutdownHook] com.zaxxer.hikari.HikariDataSource       : HikariPool-1 - Shutdown completed.
2023-02-20T13:23:00.288-06:00 INFO  [-] 2023-02-20 13:23:00,288 [restartedMain] c.a.t.TrakdApplication - Starting TrakdApplication using Java 19.0.2 with PID 80174 (/Users/kaysieanderson/Documents/Trakd/target/classes started by kaysieanderson in /Users/kaysieanderson/Documents/Trakd)
 80174 --- [restartedMain] com.anderson.trakd.TrakdApplication      : Starting TrakdApplication using Java 19.0.2 with PID 80174 (/Users/kaysieanderson/Documents/Trakd/target/classes started by kaysieanderson in /Users/kaysieanderson/Documents/Trakd)
2023-02-20T13:23:00.291-06:00 INFO  [-] 2023-02-20 13:23:00,291 [restartedMain] c.a.t.TrakdApplication - No active profile set, falling back to 1 default profile: "default"
 80174 --- [restartedMain] com.anderson.trakd.TrakdApplication      : No active profile set, falling back to 1 default profile: "default"
2023-02-20T13:23:00.593-06:00 INFO  [-] 2023-02-20 13:23:00,593 [restartedMain] o.s.b.d.e.DevToolsPropertyDefaultsPostProcessor - Devtools property defaults active! Set 'spring.devtools.add-properties' to 'false' to disable
 80174 --- [restartedMain] .e.DevToolsPropertyDefaultsPostProcessor : Devtools property defaults active! Set 'spring.devtools.add-properties' to 'false' to disable
2023-02-20T13:23:00.594-06:00 INFO  [-] 2023-02-20 13:23:00,594 [restartedMain] o.s.b.d.e.DevToolsPropertyDefaultsPostProcessor - For additional web related logging consider setting the 'logging.level.web' property to 'DEBUG'
 80174 --- [restartedMain] .e.DevToolsPropertyDefaultsPostProcessor : For additional web related logging consider setting the 'logging.level.web' property to 'DEBUG'
2023-02-20T13:23:03.596-06:00 WARN  [-] 2023-02-20 13:23:03,596 [restartedMain] o.s.c.LocalVariableTableParameterNameDiscoverer - Using deprecated '-debug' fallback for parameter name resolution. Compile the affected code with '-parameters' instead or avoid its introspection: org.springframework.session.config.annotation.web.http.SpringHttpSessionConfiguration
 80174 --- [restartedMain] ocalVariableTableParameterNameDiscoverer : Using deprecated '-debug' fallback for parameter name resolution. Compile the affected code with '-parameters' instead or avoid its introspection: org.springframework.session.config.annotation.web.http.SpringHttpSessionConfiguration
2023-02-20T13:23:03.669-06:00 INFO  [-] 2023-02-20 13:23:03,669 [restartedMain] o.s.d.r.c.RepositoryConfigurationDelegate - Bootstrapping Spring Data JPA repositories in DEFAULT mode.
 80174 --- [restartedMain] .s.d.r.c.RepositoryConfigurationDelegate : Bootstrapping Spring Data JPA repositories in DEFAULT mode.
2023-02-20T13:23:03.750-06:00 INFO  [-] 2023-02-20 13:23:03,750 [restartedMain] o.s.d.r.c.RepositoryConfigurationDelegate - Finished Spring Data repository scanning in 71 ms. Found 5 JPA repository interfaces.
 80174 --- [restartedMain] .s.d.r.c.RepositoryConfigurationDelegate : Finished Spring Data repository scanning in 71 ms. Found 5 JPA repository interfaces.
2023-02-20T13:23:05.849-06:00 INFO  [-] 2023-02-20 13:23:05,849 [restartedMain] o.s.b.w.e.t.TomcatWebServer - Tomcat initialized with port(s): 8080 (http)
 80174 --- [restartedMain] o.s.b.w.embedded.tomcat.TomcatWebServer  : Tomcat initialized with port(s): 8080 (http)
2023-02-20T13:23:05.883-06:00 INFO  [-] 2023-02-20 13:23:05,883 [restartedMain] o.a.c.c.StandardService - Starting service [Tomcat]
 80174 --- [restartedMain] o.apache.catalina.core.StandardService   : Starting service [Tomcat]
2023-02-20T13:23:05.884-06:00 INFO  [-] 2023-02-20 13:23:05,884 [restartedMain] o.a.c.c.StandardEngine - Starting Servlet engine: [Apache Tomcat/10.1.5]
 80174 --- [restartedMain] o.apache.catalina.core.StandardEngine    : Starting Servlet engine: [Apache Tomcat/10.1.5]
2023-02-20T13:23:06.168-06:00 INFO  [-] 2023-02-20 13:23:06,168 [restartedMain] o.a.c.c.C.[.[.[/] - Initializing Spring embedded WebApplicationContext
 80174 --- [restartedMain] o.a.c.c.C.[Tomcat].[localhost].[/]       : Initializing Spring embedded WebApplicationContext
2023-02-20T13:23:06.170-06:00 INFO  [-] 2023-02-20 13:23:06,170 [restartedMain] o.s.b.w.s.c.ServletWebServerApplicationContext - Root WebApplicationContext: initialization completed in 5575 ms
 80174 --- [restartedMain] w.s.c.ServletWebServerApplicationContext : Root WebApplicationContext: initialization completed in 5575 ms
2023-02-20T13:23:06.509-06:00 INFO  [-] 2023-02-20 13:23:06,509 [restartedMain] c.z.h.HikariDataSource - HikariPool-1 - Starting...
 80174 --- [restartedMain] com.zaxxer.hikari.HikariDataSource       : HikariPool-1 - Starting...
2023-02-20T13:23:07.368-06:00 INFO  [-] 2023-02-20 13:23:07,368 [restartedMain] c.z.h.p.HikariPool - HikariPool-1 - Added connection com.mysql.cj.jdbc.ConnectionImpl@cdfd006
 80174 --- [restartedMain] com.zaxxer.hikari.pool.HikariPool        : HikariPool-1 - Added connection com.mysql.cj.jdbc.ConnectionImpl@cdfd006
2023-02-20T13:23:07.372-06:00 INFO  [-] 2023-02-20 13:23:07,372 [restartedMain] c.z.h.HikariDataSource - HikariPool-1 - Start completed.
 80174 --- [restartedMain] com.zaxxer.hikari.HikariDataSource       : HikariPool-1 - Start completed.
2023-02-20T13:23:07.980-06:00 INFO  [-] 2023-02-20 13:23:07,980 [restartedMain] o.h.j.i.u.LogHelper - HHH000204: Processing PersistenceUnitInfo [name: default]
 80174 --- [restartedMain] o.hibernate.jpa.internal.util.LogHelper  : HHH000204: Processing PersistenceUnitInfo [name: default]
2023-02-20T13:23:08.050-06:00 INFO  [-] 2023-02-20 13:23:08,050 [restartedMain] o.h.Version - HHH000412: Hibernate ORM core version 6.1.6.Final
 80174 --- [restartedMain] org.hibernate.Version                    : HHH000412: Hibernate ORM core version 6.1.6.Final
2023-02-20T13:23:08.364-06:00 WARN  [-] 2023-02-20 13:23:08,364 [restartedMain] o.h.o.deprecation - HHH90000021: Encountered deprecated setting [javax.persistence.sharedCache.mode], use [jakarta.persistence.sharedCache.mode] instead
 80174 --- [restartedMain] org.hibernate.orm.deprecation            : HHH90000021: Encountered deprecated setting [javax.persistence.sharedCache.mode], use [jakarta.persistence.sharedCache.mode] instead
2023-02-20T13:23:08.833-06:00 INFO  [-] 2023-02-20 13:23:08,833 [restartedMain] SQL dialect - HHH000400: Using dialect: org.hibernate.dialect.MySQLDialect
 80174 --- [restartedMain] SQL dialect                              : HHH000400: Using dialect: org.hibernate.dialect.MySQLDialect
2023-02-20T13:23:11.315-06:00 INFO  [-] 2023-02-20 13:23:11,315 [restartedMain] o.h.e.t.j.p.i.JtaPlatformInitiator - HHH000490: Using JtaPlatform implementation: [org.hibernate.engine.transaction.jta.platform.internal.NoJtaPlatform]
 80174 --- [restartedMain] o.h.e.t.j.p.i.JtaPlatformInitiator       : HHH000490: Using JtaPlatform implementation: [org.hibernate.engine.transaction.jta.platform.internal.NoJtaPlatform]
2023-02-20T13:23:11.330-06:00 INFO  [-] 2023-02-20 13:23:11,330 [restartedMain] o.s.o.j.LocalContainerEntityManagerFactoryBean - Initialized JPA EntityManagerFactory for persistence unit 'default'
 80174 --- [restartedMain] j.LocalContainerEntityManagerFactoryBean : Initialized JPA EntityManagerFactory for persistence unit 'default'
2023-02-20T13:23:13.830-06:00 WARN  [-] 2023-02-20 13:23:13,830 [restartedMain] o.s.b.a.o.j.JpaBaseConfiguration$JpaWebConfiguration - spring.jpa.open-in-view is enabled by default. Therefore, database queries may be performed during view rendering. Explicitly configure spring.jpa.open-in-view to disable this warning
 80174 --- [restartedMain] JpaBaseConfiguration$JpaWebConfiguration : spring.jpa.open-in-view is enabled by default. Therefore, database queries may be performed during view rendering. Explicitly configure spring.jpa.open-in-view to disable this warning
2023-02-20T13:23:17.112-06:00 INFO  [-] 2023-02-20 13:23:17,112 [restartedMain] o.s.b.d.a.OptionalLiveReloadServer - LiveReload server is running on port 35729
 80174 --- [restartedMain] o.s.b.d.a.OptionalLiveReloadServer       : LiveReload server is running on port 35729
2023-02-20T13:23:17.254-06:00 INFO  [-] 2023-02-20 13:23:17,254 [restartedMain] o.s.b.a.e.w.EndpointLinksResolver - Exposing 1 endpoint(s) beneath base path '/actuator'
 80174 --- [restartedMain] o.s.b.a.e.web.EndpointLinksResolver      : Exposing 1 endpoint(s) beneath base path '/actuator'
2023-02-20T13:23:18.101-06:00 INFO  [-] 2023-02-20 13:23:18,101 [restartedMain] o.s.b.w.e.t.TomcatWebServer - Tomcat started on port(s): 8080 (http) with context path ''
 80174 --- [restartedMain] o.s.b.w.embedded.tomcat.TomcatWebServer  : Tomcat started on port(s): 8080 (http) with context path ''
2023-02-20T13:23:18.417-06:00 INFO  [-] 2023-02-20 13:23:18,417 [restartedMain] c.a.t.TrakdApplication - Started TrakdApplication in 20.259 seconds (process running for 25.063)
 80174 --- [restartedMain] com.anderson.trakd.TrakdApplication      : Started TrakdApplication in 20.259 seconds (process running for 25.063)
2023-02-20T13:23:19.504-06:00 INFO  [-] 2023-02-20 13:23:19,504 [RMI TCP Connection(3)-192.168.1.6] o.a.c.c.C.[.[.[/] - Initializing Spring DispatcherServlet 'dispatcherServlet'
 80174 --- [RMI TCP Connection(3)-192.168.1.6] o.a.c.c.C.[Tomcat].[localhost].[/]       : Initializing Spring DispatcherServlet 'dispatcherServlet'
2023-02-20T13:23:19.505-06:00 INFO  [-] 2023-02-20 13:23:19,505 [RMI TCP Connection(3)-192.168.1.6] o.s.w.s.DispatcherServlet - Initializing Servlet 'dispatcherServlet'
 80174 --- [RMI TCP Connection(3)-192.168.1.6] o.s.web.servlet.DispatcherServlet        : Initializing Servlet 'dispatcherServlet'
2023-02-20T13:23:19.510-06:00 INFO  [-] 2023-02-20 13:23:19,510 [RMI TCP Connection(3)-192.168.1.6] o.s.w.s.DispatcherServlet - Completed initialization in 3 ms
 80174 --- [RMI TCP Connection(3)-192.168.1.6] o.s.web.servlet.DispatcherServlet        : Completed initialization in 3 ms
2023-02-20T13:35:03.217-06:00 WARN  [-] 2023-02-20 13:35:03,217 [http-nio-8080-exec-10] o.t.s.p.AbstractStandardFragmentInsertionTagProcessor - [THYMELEAF][http-nio-8080-exec-10][dashboard] Deprecated unwrapped fragment expression "dropdown_navbar :: nav" found in template dashboard, line 16, col 6. Please use the complete syntax of fragment expressions instead ("~{dropdown_navbar :: nav}"). The old, unwrapped syntax for fragment expressions will be removed in future versions of Thymeleaf.
 80174 --- [http-nio-8080-exec-10] actStandardFragmentInsertionTagProcessor : [THYMELEAF][http-nio-8080-exec-10][dashboard] Deprecated unwrapped fragment expression "dropdown_navbar :: nav" found in template dashboard, line 16, col 6. Please use the complete syntax of fragment expressions instead ("~{dropdown_navbar :: nav}"). The old, unwrapped syntax for fragment expressions will be removed in future versions of Thymeleaf.
2023-02-20T13:35:30.779-06:00 WARN  [-] 2023-02-20 13:35:30,779 [http-nio-8080-exec-2] o.t.s.p.AbstractStandardFragmentInsertionTagProcessor - [THYMELEAF][http-nio-8080-exec-2][dashboard] Deprecated unwrapped fragment expression "dropdown_navbar :: nav" found in template dashboard, line 16, col 6. Please use the complete syntax of fragment expressions instead ("~{dropdown_navbar :: nav}"). The old, unwrapped syntax for fragment expressions will be removed in future versions of Thymeleaf.
 80174 --- [http-nio-8080-exec-2] actStandardFragmentInsertionTagProcessor : [THYMELEAF][http-nio-8080-exec-2][dashboard] Deprecated unwrapped fragment expression "dropdown_navbar :: nav" found in template dashboard, line 16, col 6. Please use the complete syntax of fragment expressions instead ("~{dropdown_navbar :: nav}"). The old, unwrapped syntax for fragment expressions will be removed in future versions of Thymeleaf.
2023-02-20T13:36:54.774-06:00 WARN  [-] 2023-02-20 13:36:54,774 [http-nio-8080-exec-7] o.t.s.p.AbstractStandardFragmentInsertionTagProcessor - [THYMELEAF][http-nio-8080-exec-7][dashboard] Deprecated unwrapped fragment expression "dropdown_navbar :: nav" found in template dashboard, line 16, col 6. Please use the complete syntax of fragment expressions instead ("~{dropdown_navbar :: nav}"). The old, unwrapped syntax for fragment expressions will be removed in future versions of Thymeleaf.
 80174 --- [http-nio-8080-exec-7] actStandardFragmentInsertionTagProcessor : [THYMELEAF][http-nio-8080-exec-7][dashboard] Deprecated unwrapped fragment expression "dropdown_navbar :: nav" found in template dashboard, line 16, col 6. Please use the complete syntax of fragment expressions instead ("~{dropdown_navbar :: nav}"). The old, unwrapped syntax for fragment expressions will be removed in future versions of Thymeleaf.
2023-02-20T13:36:58.851-06:00 WARN  [-] 2023-02-20 13:36:58,851 [http-nio-8080-exec-8] o.t.s.p.AbstractStandardFragmentInsertionTagProcessor - [THYMELEAF][http-nio-8080-exec-8][dashboard] Deprecated unwrapped fragment expression "dropdown_navbar :: nav" found in template dashboard, line 16, col 6. Please use the complete syntax of fragment expressions instead ("~{dropdown_navbar :: nav}"). The old, unwrapped syntax for fragment expressions will be removed in future versions of Thymeleaf.
 80174 --- [http-nio-8080-exec-8] actStandardFragmentInsertionTagProcessor : [THYMELEAF][http-nio-8080-exec-8][dashboard] Deprecated unwrapped fragment expression "dropdown_navbar :: nav" found in template dashboard, line 16, col 6. Please use the complete syntax of fragment expressions instead ("~{dropdown_navbar :: nav}"). The old, unwrapped syntax for fragment expressions will be removed in future versions of Thymeleaf.
2023-02-20T13:37:06.217-06:00 WARN  [-] 2023-02-20 13:37:06,217 [http-nio-8080-exec-3] o.t.s.p.AbstractStandardFragmentInsertionTagProcessor - [THYMELEAF][http-nio-8080-exec-3][dashboard] Deprecated unwrapped fragment expression "dropdown_navbar :: nav" found in template dashboard, line 16, col 6. Please use the complete syntax of fragment expressions instead ("~{dropdown_navbar :: nav}"). The old, unwrapped syntax for fragment expressions will be removed in future versions of Thymeleaf.
 80174 --- [http-nio-8080-exec-3] actStandardFragmentInsertionTagProcessor : [THYMELEAF][http-nio-8080-exec-3][dashboard] Deprecated unwrapped fragment expression "dropdown_navbar :: nav" found in template dashboard, line 16, col 6. Please use the complete syntax of fragment expressions instead ("~{dropdown_navbar :: nav}"). The old, unwrapped syntax for fragment expressions will be removed in future versions of Thymeleaf.
2023-02-20T13:37:13.801-06:00 WARN  [-] 2023-02-20 13:37:13,801 [http-nio-8080-exec-6] o.t.s.p.AbstractStandardFragmentInsertionTagProcessor - [THYMELEAF][http-nio-8080-exec-6][dashboard] Deprecated unwrapped fragment expression "dropdown_navbar :: nav" found in template dashboard, line 16, col 6. Please use the complete syntax of fragment expressions instead ("~{dropdown_navbar :: nav}"). The old, unwrapped syntax for fragment expressions will be removed in future versions of Thymeleaf.
 80174 --- [http-nio-8080-exec-6] actStandardFragmentInsertionTagProcessor : [THYMELEAF][http-nio-8080-exec-6][dashboard] Deprecated unwrapped fragment expression "dropdown_navbar :: nav" found in template dashboard, line 16, col 6. Please use the complete syntax of fragment expressions instead ("~{dropdown_navbar :: nav}"). The old, unwrapped syntax for fragment expressions will be removed in future versions of Thymeleaf.
2023-02-20T13:37:21.066-06:00 WARN  [-] 2023-02-20 13:37:21,066 [http-nio-8080-exec-1] o.t.s.p.AbstractStandardFragmentInsertionTagProcessor - [THYMELEAF][http-nio-8080-exec-1][dashboard] Deprecated unwrapped fragment expression "dropdown_navbar :: nav" found in template dashboard, line 16, col 6. Please use the complete syntax of fragment expressions instead ("~{dropdown_navbar :: nav}"). The old, unwrapped syntax for fragment expressions will be removed in future versions of Thymeleaf.
 80174 --- [http-nio-8080-exec-1] actStandardFragmentInsertionTagProcessor : [THYMELEAF][http-nio-8080-exec-1][dashboard] Deprecated unwrapped fragment expression "dropdown_navbar :: nav" found in template dashboard, line 16, col 6. Please use the complete syntax of fragment expressions instead ("~{dropdown_navbar :: nav}"). The old, unwrapped syntax for fragment expressions will be removed in future versions of Thymeleaf.
2023-02-20T13:37:25.950-06:00 WARN  [-] 2023-02-20 13:37:25,950 [http-nio-8080-exec-5] o.t.s.p.AbstractStandardFragmentInsertionTagProcessor - [THYMELEAF][http-nio-8080-exec-5][dashboard] Deprecated unwrapped fragment expression "dropdown_navbar :: nav" found in template dashboard, line 16, col 6. Please use the complete syntax of fragment expressions instead ("~{dropdown_navbar :: nav}"). The old, unwrapped syntax for fragment expressions will be removed in future versions of Thymeleaf.
 80174 --- [http-nio-8080-exec-5] actStandardFragmentInsertionTagProcessor : [THYMELEAF][http-nio-8080-exec-5][dashboard] Deprecated unwrapped fragment expression "dropdown_navbar :: nav" found in template dashboard, line 16, col 6. Please use the complete syntax of fragment expressions instead ("~{dropdown_navbar :: nav}"). The old, unwrapped syntax for fragment expressions will be removed in future versions of Thymeleaf.
2023-02-20T13:37:35.097-06:00 WARN  [-] 2023-02-20 13:37:35,097 [http-nio-8080-exec-9] o.t.s.p.AbstractStandardFragmentInsertionTagProcessor - [THYMELEAF][http-nio-8080-exec-9][dashboard] Deprecated unwrapped fragment expression "dropdown_navbar :: nav" found in template dashboard, line 16, col 6. Please use the complete syntax of fragment expressions instead ("~{dropdown_navbar :: nav}"). The old, unwrapped syntax for fragment expressions will be removed in future versions of Thymeleaf.
 80174 --- [http-nio-8080-exec-9] actStandardFragmentInsertionTagProcessor : [THYMELEAF][http-nio-8080-exec-9][dashboard] Deprecated unwrapped fragment expression "dropdown_navbar :: nav" found in template dashboard, line 16, col 6. Please use the complete syntax of fragment expressions instead ("~{dropdown_navbar :: nav}"). The old, unwrapped syntax for fragment expressions will be removed in future versions of Thymeleaf.
2023-02-20T13:37:43.342-06:00 WARN  [-] 2023-02-20 13:37:43,342 [http-nio-8080-exec-3] o.t.s.p.AbstractStandardFragmentInsertionTagProcessor - [THYMELEAF][http-nio-8080-exec-3][dashboard] Deprecated unwrapped fragment expression "dropdown_navbar :: nav" found in template dashboard, line 16, col 6. Please use the complete syntax of fragment expressions instead ("~{dropdown_navbar :: nav}"). The old, unwrapped syntax for fragment expressions will be removed in future versions of Thymeleaf.
 80174 --- [http-nio-8080-exec-3] actStandardFragmentInsertionTagProcessor : [THYMELEAF][http-nio-8080-exec-3][dashboard] Deprecated unwrapped fragment expression "dropdown_navbar :: nav" found in template dashboard, line 16, col 6. Please use the complete syntax of fragment expressions instead ("~{dropdown_navbar :: nav}"). The old, unwrapped syntax for fragment expressions will be removed in future versions of Thymeleaf.
2023-02-20T13:44:55.697-06:00 WARN  [-] 2023-02-20 13:44:55,697 [http-nio-8080-exec-9] o.t.s.p.AbstractStandardFragmentInsertionTagProcessor - [THYMELEAF][http-nio-8080-exec-9][dashboard] Deprecated unwrapped fragment expression "dropdown_navbar :: nav" found in template dashboard, line 16, col 6. Please use the complete syntax of fragment expressions instead ("~{dropdown_navbar :: nav}"). The old, unwrapped syntax for fragment expressions will be removed in future versions of Thymeleaf.
 80174 --- [http-nio-8080-exec-9] actStandardFragmentInsertionTagProcessor : [THYMELEAF][http-nio-8080-exec-9][dashboard] Deprecated unwrapped fragment expression "dropdown_navbar :: nav" found in template dashboard, line 16, col 6. Please use the complete syntax of fragment expressions instead ("~{dropdown_navbar :: nav}"). The old, unwrapped syntax for fragment expressions will be removed in future versions of Thymeleaf.
2023-02-20T13:47:15.385-06:00 WARN  [-] 2023-02-20 13:47:15,385 [http-nio-8080-exec-3] o.t.s.p.AbstractStandardFragmentInsertionTagProcessor - [THYMELEAF][http-nio-8080-exec-3][dashboard] Deprecated unwrapped fragment expression "dropdown_navbar :: nav" found in template dashboard, line 16, col 6. Please use the complete syntax of fragment expressions instead ("~{dropdown_navbar :: nav}"). The old, unwrapped syntax for fragment expressions will be removed in future versions of Thymeleaf.
 80174 --- [http-nio-8080-exec-3] actStandardFragmentInsertionTagProcessor : [THYMELEAF][http-nio-8080-exec-3][dashboard] Deprecated unwrapped fragment expression "dropdown_navbar :: nav" found in template dashboard, line 16, col 6. Please use the complete syntax of fragment expressions instead ("~{dropdown_navbar :: nav}"). The old, unwrapped syntax for fragment expressions will be removed in future versions of Thymeleaf.
2023-02-20T13:50:29.955-06:00 WARN  [-] 2023-02-20 13:50:29,955 [http-nio-8080-exec-6] o.t.s.p.AbstractStandardFragmentInsertionTagProcessor - [THYMELEAF][http-nio-8080-exec-6][dashboard] Deprecated unwrapped fragment expression "dropdown_navbar :: nav" found in template dashboard, line 16, col 6. Please use the complete syntax of fragment expressions instead ("~{dropdown_navbar :: nav}"). The old, unwrapped syntax for fragment expressions will be removed in future versions of Thymeleaf.
 80174 --- [http-nio-8080-exec-6] actStandardFragmentInsertionTagProcessor : [THYMELEAF][http-nio-8080-exec-6][dashboard] Deprecated unwrapped fragment expression "dropdown_navbar :: nav" found in template dashboard, line 16, col 6. Please use the complete syntax of fragment expressions instead ("~{dropdown_navbar :: nav}"). The old, unwrapped syntax for fragment expressions will be removed in future versions of Thymeleaf.
2023-02-20T13:52:02.818-06:00 WARN  [-] 2023-02-20 13:52:02,818 [http-nio-8080-exec-5] o.t.s.p.AbstractStandardFragmentInsertionTagProcessor - [THYMELEAF][http-nio-8080-exec-5][dashboard] Deprecated unwrapped fragment expression "dropdown_navbar :: nav" found in template dashboard, line 16, col 6. Please use the complete syntax of fragment expressions instead ("~{dropdown_navbar :: nav}"). The old, unwrapped syntax for fragment expressions will be removed in future versions of Thymeleaf.
 80174 --- [http-nio-8080-exec-5] actStandardFragmentInsertionTagProcessor : [THYMELEAF][http-nio-8080-exec-5][dashboard] Deprecated unwrapped fragment expression "dropdown_navbar :: nav" found in template dashboard, line 16, col 6. Please use the complete syntax of fragment expressions instead ("~{dropdown_navbar :: nav}"). The old, unwrapped syntax for fragment expressions will be removed in future versions of Thymeleaf.
2023-02-20T13:52:09.406-06:00 WARN  [-] 2023-02-20 13:52:09,406 [http-nio-8080-exec-8] o.t.s.p.AbstractStandardFragmentInsertionTagProcessor - [THYMELEAF][http-nio-8080-exec-8][dashboard] Deprecated unwrapped fragment expression "dropdown_navbar :: nav" found in template dashboard, line 16, col 6. Please use the complete syntax of fragment expressions instead ("~{dropdown_navbar :: nav}"). The old, unwrapped syntax for fragment expressions will be removed in future versions of Thymeleaf.
 80174 --- [http-nio-8080-exec-8] actStandardFragmentInsertionTagProcessor : [THYMELEAF][http-nio-8080-exec-8][dashboard] Deprecated unwrapped fragment expression "dropdown_navbar :: nav" found in template dashboard, line 16, col 6. Please use the complete syntax of fragment expressions instead ("~{dropdown_navbar :: nav}"). The old, unwrapped syntax for fragment expressions will be removed in future versions of Thymeleaf.
2023-02-20T13:52:57.619-06:00 WARN  [-] 2023-02-20 13:52:57,619 [http-nio-8080-exec-2] o.t.s.p.AbstractStandardFragmentInsertionTagProcessor - [THYMELEAF][http-nio-8080-exec-2][dashboard] Deprecated unwrapped fragment expression "dropdown_navbar :: nav" found in template dashboard, line 16, col 6. Please use the complete syntax of fragment expressions instead ("~{dropdown_navbar :: nav}"). The old, unwrapped syntax for fragment expressions will be removed in future versions of Thymeleaf.
 80174 --- [http-nio-8080-exec-2] actStandardFragmentInsertionTagProcessor : [THYMELEAF][http-nio-8080-exec-2][dashboard] Deprecated unwrapped fragment expression "dropdown_navbar :: nav" found in template dashboard, line 16, col 6. Please use the complete syntax of fragment expressions instead ("~{dropdown_navbar :: nav}"). The old, unwrapped syntax for fragment expressions will be removed in future versions of Thymeleaf.
2023-02-20T13:57:48.234-06:00 WARN  [-] 2023-02-20 13:57:48,234 [http-nio-8080-exec-1] o.t.s.p.AbstractStandardFragmentInsertionTagProcessor - [THYMELEAF][http-nio-8080-exec-1][dashboard] Deprecated unwrapped fragment expression "dropdown_navbar :: nav" found in template dashboard, line 16, col 6. Please use the complete syntax of fragment expressions instead ("~{dropdown_navbar :: nav}"). The old, unwrapped syntax for fragment expressions will be removed in future versions of Thymeleaf.
 80174 --- [http-nio-8080-exec-1] actStandardFragmentInsertionTagProcessor : [THYMELEAF][http-nio-8080-exec-1][dashboard] Deprecated unwrapped fragment expression "dropdown_navbar :: nav" found in template dashboard, line 16, col 6. Please use the complete syntax of fragment expressions instead ("~{dropdown_navbar :: nav}"). The old, unwrapped syntax for fragment expressions will be removed in future versions of Thymeleaf.
2023-02-20T13:57:53.995-06:00 WARN  [-] 2023-02-20 13:57:53,995 [http-nio-8080-exec-5] o.t.s.p.AbstractStandardFragmentInsertionTagProcessor - [THYMELEAF][http-nio-8080-exec-5][dashboard] Deprecated unwrapped fragment expression "dropdown_navbar :: nav" found in template dashboard, line 16, col 6. Please use the complete syntax of fragment expressions instead ("~{dropdown_navbar :: nav}"). The old, unwrapped syntax for fragment expressions will be removed in future versions of Thymeleaf.
 80174 --- [http-nio-8080-exec-5] actStandardFragmentInsertionTagProcessor : [THYMELEAF][http-nio-8080-exec-5][dashboard] Deprecated unwrapped fragment expression "dropdown_navbar :: nav" found in template dashboard, line 16, col 6. Please use the complete syntax of fragment expressions instead ("~{dropdown_navbar :: nav}"). The old, unwrapped syntax for fragment expressions will be removed in future versions of Thymeleaf.
2023-02-20T13:58:41.555-06:00 WARN  [-] 2023-02-20 13:58:41,555 [http-nio-8080-exec-6] o.t.s.p.AbstractStandardFragmentInsertionTagProcessor - [THYMELEAF][http-nio-8080-exec-6][dashboard] Deprecated unwrapped fragment expression "dropdown_navbar :: nav" found in template dashboard, line 16, col 6. Please use the complete syntax of fragment expressions instead ("~{dropdown_navbar :: nav}"). The old, unwrapped syntax for fragment expressions will be removed in future versions of Thymeleaf.
 80174 --- [http-nio-8080-exec-6] actStandardFragmentInsertionTagProcessor : [THYMELEAF][http-nio-8080-exec-6][dashboard] Deprecated unwrapped fragment expression "dropdown_navbar :: nav" found in template dashboard, line 16, col 6. Please use the complete syntax of fragment expressions instead ("~{dropdown_navbar :: nav}"). The old, unwrapped syntax for fragment expressions will be removed in future versions of Thymeleaf.
2023-02-20T14:04:53.457-06:00 WARN  [-] 2023-02-20 14:04:53,457 [http-nio-8080-exec-2] o.t.s.p.AbstractStandardFragmentInsertionTagProcessor - [THYMELEAF][http-nio-8080-exec-2][dashboard] Deprecated unwrapped fragment expression "dropdown_navbar :: nav" found in template dashboard, line 16, col 6. Please use the complete syntax of fragment expressions instead ("~{dropdown_navbar :: nav}"). The old, unwrapped syntax for fragment expressions will be removed in future versions of Thymeleaf.
 80174 --- [http-nio-8080-exec-2] actStandardFragmentInsertionTagProcessor : [THYMELEAF][http-nio-8080-exec-2][dashboard] Deprecated unwrapped fragment expression "dropdown_navbar :: nav" found in template dashboard, line 16, col 6. Please use the complete syntax of fragment expressions instead ("~{dropdown_navbar :: nav}"). The old, unwrapped syntax for fragment expressions will be removed in future versions of Thymeleaf.
2023-02-20T14:05:02.734-06:00 WARN  [-] 2023-02-20 14:05:02,734 [http-nio-8080-exec-6] o.t.s.p.AbstractStandardFragmentInsertionTagProcessor - [THYMELEAF][http-nio-8080-exec-6][dashboard] Deprecated unwrapped fragment expression "dropdown_navbar :: nav" found in template dashboard, line 16, col 6. Please use the complete syntax of fragment expressions instead ("~{dropdown_navbar :: nav}"). The old, unwrapped syntax for fragment expressions will be removed in future versions of Thymeleaf.
 80174 --- [http-nio-8080-exec-6] actStandardFragmentInsertionTagProcessor : [THYMELEAF][http-nio-8080-exec-6][dashboard] Deprecated unwrapped fragment expression "dropdown_navbar :: nav" found in template dashboard, line 16, col 6. Please use the complete syntax of fragment expressions instead ("~{dropdown_navbar :: nav}"). The old, unwrapped syntax for fragment expressions will be removed in future versions of Thymeleaf.
2023-02-20T14:05:23.454-06:00 WARN  [-] 2023-02-20 14:05:23,454 [http-nio-8080-exec-9] o.t.s.p.AbstractStandardFragmentInsertionTagProcessor - [THYMELEAF][http-nio-8080-exec-9][dashboard] Deprecated unwrapped fragment expression "dropdown_navbar :: nav" found in template dashboard, line 16, col 6. Please use the complete syntax of fragment expressions instead ("~{dropdown_navbar :: nav}"). The old, unwrapped syntax for fragment expressions will be removed in future versions of Thymeleaf.
 80174 --- [http-nio-8080-exec-9] actStandardFragmentInsertionTagProcessor : [THYMELEAF][http-nio-8080-exec-9][dashboard] Deprecated unwrapped fragment expression "dropdown_navbar :: nav" found in template dashboard, line 16, col 6. Please use the complete syntax of fragment expressions instead ("~{dropdown_navbar :: nav}"). The old, unwrapped syntax for fragment expressions will be removed in future versions of Thymeleaf.
2023-02-20T14:05:31.246-06:00 WARN  [-] 2023-02-20 14:05:31,246 [http-nio-8080-exec-7] o.t.s.p.AbstractStandardFragmentInsertionTagProcessor - [THYMELEAF][http-nio-8080-exec-7][dashboard] Deprecated unwrapped fragment expression "dropdown_navbar :: nav" found in template dashboard, line 16, col 6. Please use the complete syntax of fragment expressions instead ("~{dropdown_navbar :: nav}"). The old, unwrapped syntax for fragment expressions will be removed in future versions of Thymeleaf.
 80174 --- [http-nio-8080-exec-7] actStandardFragmentInsertionTagProcessor : [THYMELEAF][http-nio-8080-exec-7][dashboard] Deprecated unwrapped fragment expression "dropdown_navbar :: nav" found in template dashboard, line 16, col 6. Please use the complete syntax of fragment expressions instead ("~{dropdown_navbar :: nav}"). The old, unwrapped syntax for fragment expressions will be removed in future versions of Thymeleaf.
2023-02-20T14:05:45.163-06:00 WARN  [-] 2023-02-20 14:05:45,163 [http-nio-8080-exec-8] o.t.s.p.AbstractStandardFragmentInsertionTagProcessor - [THYMELEAF][http-nio-8080-exec-8][dashboard] Deprecated unwrapped fragment expression "dropdown_navbar :: nav" found in template dashboard, line 16, col 6. Please use the complete syntax of fragment expressions instead ("~{dropdown_navbar :: nav}"). The old, unwrapped syntax for fragment expressions will be removed in future versions of Thymeleaf.
 80174 --- [http-nio-8080-exec-8] actStandardFragmentInsertionTagProcessor : [THYMELEAF][http-nio-8080-exec-8][dashboard] Deprecated unwrapped fragment expression "dropdown_navbar :: nav" found in template dashboard, line 16, col 6. Please use the complete syntax of fragment expressions instead ("~{dropdown_navbar :: nav}"). The old, unwrapped syntax for fragment expressions will be removed in future versions of Thymeleaf.
2023-02-20T14:05:58.370-06:00 WARN  [-] 2023-02-20 14:05:58,370 [http-nio-8080-exec-2] o.t.s.p.AbstractStandardFragmentInsertionTagProcessor - [THYMELEAF][http-nio-8080-exec-2][dashboard] Deprecated unwrapped fragment expression "dropdown_navbar :: nav" found in template dashboard, line 16, col 6. Please use the complete syntax of fragment expressions instead ("~{dropdown_navbar :: nav}"). The old, unwrapped syntax for fragment expressions will be removed in future versions of Thymeleaf.
 80174 --- [http-nio-8080-exec-2] actStandardFragmentInsertionTagProcessor : [THYMELEAF][http-nio-8080-exec-2][dashboard] Deprecated unwrapped fragment expression "dropdown_navbar :: nav" found in template dashboard, line 16, col 6. Please use the complete syntax of fragment expressions instead ("~{dropdown_navbar :: nav}"). The old, unwrapped syntax for fragment expressions will be removed in future versions of Thymeleaf.
2023-02-20T14:06:26.730-06:00 WARN  [-] 2023-02-20 14:06:26,730 [http-nio-8080-exec-6] o.t.s.p.AbstractStandardFragmentInsertionTagProcessor - [THYMELEAF][http-nio-8080-exec-6][dashboard] Deprecated unwrapped fragment expression "dropdown_navbar :: nav" found in template dashboard, line 16, col 6. Please use the complete syntax of fragment expressions instead ("~{dropdown_navbar :: nav}"). The old, unwrapped syntax for fragment expressions will be removed in future versions of Thymeleaf.
 80174 --- [http-nio-8080-exec-6] actStandardFragmentInsertionTagProcessor : [THYMELEAF][http-nio-8080-exec-6][dashboard] Deprecated unwrapped fragment expression "dropdown_navbar :: nav" found in template dashboard, line 16, col 6. Please use the complete syntax of fragment expressions instead ("~{dropdown_navbar :: nav}"). The old, unwrapped syntax for fragment expressions will be removed in future versions of Thymeleaf.
2023-02-20T14:07:40.598-06:00 WARN  [-] 2023-02-20 14:07:40,598 [http-nio-8080-exec-3] o.t.s.p.AbstractStandardFragmentInsertionTagProcessor - [THYMELEAF][http-nio-8080-exec-3][dashboard] Deprecated unwrapped fragment expression "dropdown_navbar :: nav" found in template dashboard, line 16, col 6. Please use the complete syntax of fragment expressions instead ("~{dropdown_navbar :: nav}"). The old, unwrapped syntax for fragment expressions will be removed in future versions of Thymeleaf.
 80174 --- [http-nio-8080-exec-3] actStandardFragmentInsertionTagProcessor : [THYMELEAF][http-nio-8080-exec-3][dashboard] Deprecated unwrapped fragment expression "dropdown_navbar :: nav" found in template dashboard, line 16, col 6. Please use the complete syntax of fragment expressions instead ("~{dropdown_navbar :: nav}"). The old, unwrapped syntax for fragment expressions will be removed in future versions of Thymeleaf.
2023-02-20T14:14:15.869-06:00 WARN  [-] 2023-02-20 14:14:15,869 [http-nio-8080-exec-4] o.t.s.p.AbstractStandardFragmentInsertionTagProcessor - [THYMELEAF][http-nio-8080-exec-4][dashboard] Deprecated unwrapped fragment expression "dropdown_navbar :: nav" found in template dashboard, line 16, col 6. Please use the complete syntax of fragment expressions instead ("~{dropdown_navbar :: nav}"). The old, unwrapped syntax for fragment expressions will be removed in future versions of Thymeleaf.
 80174 --- [http-nio-8080-exec-4] actStandardFragmentInsertionTagProcessor : [THYMELEAF][http-nio-8080-exec-4][dashboard] Deprecated unwrapped fragment expression "dropdown_navbar :: nav" found in template dashboard, line 16, col 6. Please use the complete syntax of fragment expressions instead ("~{dropdown_navbar :: nav}"). The old, unwrapped syntax for fragment expressions will be removed in future versions of Thymeleaf.
2023-02-20T14:16:15.211-06:00 WARN  [-] 2023-02-20 14:16:15,211 [http-nio-8080-exec-4] o.t.s.p.AbstractStandardFragmentInsertionTagProcessor - [THYMELEAF][http-nio-8080-exec-4][dashboard] Deprecated unwrapped fragment expression "dropdown_navbar :: nav" found in template dashboard, line 16, col 6. Please use the complete syntax of fragment expressions instead ("~{dropdown_navbar :: nav}"). The old, unwrapped syntax for fragment expressions will be removed in future versions of Thymeleaf.
 80174 --- [http-nio-8080-exec-4] actStandardFragmentInsertionTagProcessor : [THYMELEAF][http-nio-8080-exec-4][dashboard] Deprecated unwrapped fragment expression "dropdown_navbar :: nav" found in template dashboard, line 16, col 6. Please use the complete syntax of fragment expressions instead ("~{dropdown_navbar :: nav}"). The old, unwrapped syntax for fragment expressions will be removed in future versions of Thymeleaf.
2023-02-20T14:19:43.356-06:00 WARN  [-] 2023-02-20 14:19:43,356 [http-nio-8080-exec-5] o.t.s.p.AbstractStandardFragmentInsertionTagProcessor - [THYMELEAF][http-nio-8080-exec-5][dashboard] Deprecated unwrapped fragment expression "dropdown_navbar :: nav" found in template dashboard, line 16, col 6. Please use the complete syntax of fragment expressions instead ("~{dropdown_navbar :: nav}"). The old, unwrapped syntax for fragment expressions will be removed in future versions of Thymeleaf.
 80174 --- [http-nio-8080-exec-5] actStandardFragmentInsertionTagProcessor : [THYMELEAF][http-nio-8080-exec-5][dashboard] Deprecated unwrapped fragment expression "dropdown_navbar :: nav" found in template dashboard, line 16, col 6. Please use the complete syntax of fragment expressions instead ("~{dropdown_navbar :: nav}"). The old, unwrapped syntax for fragment expressions will be removed in future versions of Thymeleaf.
2023-02-20T14:19:48.548-06:00 WARN  [-] 2023-02-20 14:19:48,548 [http-nio-8080-exec-10] o.t.s.p.AbstractStandardFragmentInsertionTagProcessor - [THYMELEAF][http-nio-8080-exec-10][dashboard] Deprecated unwrapped fragment expression "dropdown_navbar :: nav" found in template dashboard, line 16, col 6. Please use the complete syntax of fragment expressions instead ("~{dropdown_navbar :: nav}"). The old, unwrapped syntax for fragment expressions will be removed in future versions of Thymeleaf.
 80174 --- [http-nio-8080-exec-10] actStandardFragmentInsertionTagProcessor : [THYMELEAF][http-nio-8080-exec-10][dashboard] Deprecated unwrapped fragment expression "dropdown_navbar :: nav" found in template dashboard, line 16, col 6. Please use the complete syntax of fragment expressions instead ("~{dropdown_navbar :: nav}"). The old, unwrapped syntax for fragment expressions will be removed in future versions of Thymeleaf.
2023-02-20T14:19:55.762-06:00 WARN  [-] 2023-02-20 14:19:55,762 [http-nio-8080-exec-3] o.t.s.p.AbstractStandardFragmentInsertionTagProcessor - [THYMELEAF][http-nio-8080-exec-3][dashboard] Deprecated unwrapped fragment expression "dropdown_navbar :: nav" found in template dashboard, line 16, col 6. Please use the complete syntax of fragment expressions instead ("~{dropdown_navbar :: nav}"). The old, unwrapped syntax for fragment expressions will be removed in future versions of Thymeleaf.
 80174 --- [http-nio-8080-exec-3] actStandardFragmentInsertionTagProcessor : [THYMELEAF][http-nio-8080-exec-3][dashboard] Deprecated unwrapped fragment expression "dropdown_navbar :: nav" found in template dashboard, line 16, col 6. Please use the complete syntax of fragment expressions instead ("~{dropdown_navbar :: nav}"). The old, unwrapped syntax for fragment expressions will be removed in future versions of Thymeleaf.
2023-02-20T14:20:02.663-06:00 WARN  [-] 2023-02-20 14:20:02,663 [http-nio-8080-exec-4] o.t.s.p.AbstractStandardFragmentInsertionTagProcessor - [THYMELEAF][http-nio-8080-exec-4][dashboard] Deprecated unwrapped fragment expression "dropdown_navbar :: nav" found in template dashboard, line 16, col 6. Please use the complete syntax of fragment expressions instead ("~{dropdown_navbar :: nav}"). The old, unwrapped syntax for fragment expressions will be removed in future versions of Thymeleaf.
 80174 --- [http-nio-8080-exec-4] actStandardFragmentInsertionTagProcessor : [THYMELEAF][http-nio-8080-exec-4][dashboard] Deprecated unwrapped fragment expression "dropdown_navbar :: nav" found in template dashboard, line 16, col 6. Please use the complete syntax of fragment expressions instead ("~{dropdown_navbar :: nav}"). The old, unwrapped syntax for fragment expressions will be removed in future versions of Thymeleaf.
2023-02-20T14:20:06.801-06:00 WARN  [-] 2023-02-20 14:20:06,801 [http-nio-8080-exec-1] o.t.s.p.AbstractStandardFragmentInsertionTagProcessor - [THYMELEAF][http-nio-8080-exec-1][dashboard] Deprecated unwrapped fragment expression "dropdown_navbar :: nav" found in template dashboard, line 16, col 6. Please use the complete syntax of fragment expressions instead ("~{dropdown_navbar :: nav}"). The old, unwrapped syntax for fragment expressions will be removed in future versions of Thymeleaf.
 80174 --- [http-nio-8080-exec-1] actStandardFragmentInsertionTagProcessor : [THYMELEAF][http-nio-8080-exec-1][dashboard] Deprecated unwrapped fragment expression "dropdown_navbar :: nav" found in template dashboard, line 16, col 6. Please use the complete syntax of fragment expressions instead ("~{dropdown_navbar :: nav}"). The old, unwrapped syntax for fragment expressions will be removed in future versions of Thymeleaf.
2023-02-20T14:21:21.242-06:00 WARN  [-] 2023-02-20 14:21:21,242 [http-nio-8080-exec-4] o.t.s.p.AbstractStandardFragmentInsertionTagProcessor - [THYMELEAF][http-nio-8080-exec-4][dashboard] Deprecated unwrapped fragment expression "dropdown_navbar :: nav" found in template dashboard, line 16, col 6. Please use the complete syntax of fragment expressions instead ("~{dropdown_navbar :: nav}"). The old, unwrapped syntax for fragment expressions will be removed in future versions of Thymeleaf.
 80174 --- [http-nio-8080-exec-4] actStandardFragmentInsertionTagProcessor : [THYMELEAF][http-nio-8080-exec-4][dashboard] Deprecated unwrapped fragment expression "dropdown_navbar :: nav" found in template dashboard, line 16, col 6. Please use the complete syntax of fragment expressions instead ("~{dropdown_navbar :: nav}"). The old, unwrapped syntax for fragment expressions will be removed in future versions of Thymeleaf.
2023-02-20T14:21:27.850-06:00 WARN  [-] 2023-02-20 14:21:27,850 [http-nio-8080-exec-1] o.t.s.p.AbstractStandardFragmentInsertionTagProcessor - [THYMELEAF][http-nio-8080-exec-1][dashboard] Deprecated unwrapped fragment expression "dropdown_navbar :: nav" found in template dashboard, line 16, col 6. Please use the complete syntax of fragment expressions instead ("~{dropdown_navbar :: nav}"). The old, unwrapped syntax for fragment expressions will be removed in future versions of Thymeleaf.
 80174 --- [http-nio-8080-exec-1] actStandardFragmentInsertionTagProcessor : [THYMELEAF][http-nio-8080-exec-1][dashboard] Deprecated unwrapped fragment expression "dropdown_navbar :: nav" found in template dashboard, line 16, col 6. Please use the complete syntax of fragment expressions instead ("~{dropdown_navbar :: nav}"). The old, unwrapped syntax for fragment expressions will be removed in future versions of Thymeleaf.
2023-02-20T14:21:32.182-06:00 WARN  [-] 2023-02-20 14:21:32,182 [http-nio-8080-exec-5] o.t.s.p.AbstractStandardFragmentInsertionTagProcessor - [THYMELEAF][http-nio-8080-exec-5][dashboard] Deprecated unwrapped fragment expression "dropdown_navbar :: nav" found in template dashboard, line 16, col 6. Please use the complete syntax of fragment expressions instead ("~{dropdown_navbar :: nav}"). The old, unwrapped syntax for fragment expressions will be removed in future versions of Thymeleaf.
 80174 --- [http-nio-8080-exec-5] actStandardFragmentInsertionTagProcessor : [THYMELEAF][http-nio-8080-exec-5][dashboard] Deprecated unwrapped fragment expression "dropdown_navbar :: nav" found in template dashboard, line 16, col 6. Please use the complete syntax of fragment expressions instead ("~{dropdown_navbar :: nav}"). The old, unwrapped syntax for fragment expressions will be removed in future versions of Thymeleaf.
2023-02-20T14:21:42.103-06:00 WARN  [-] 2023-02-20 14:21:42,103 [http-nio-8080-exec-10] o.t.s.p.AbstractStandardFragmentInsertionTagProcessor - [THYMELEAF][http-nio-8080-exec-10][dashboard] Deprecated unwrapped fragment expression "dropdown_navbar :: nav" found in template dashboard, line 16, col 6. Please use the complete syntax of fragment expressions instead ("~{dropdown_navbar :: nav}"). The old, unwrapped syntax for fragment expressions will be removed in future versions of Thymeleaf.
 80174 --- [http-nio-8080-exec-10] actStandardFragmentInsertionTagProcessor : [THYMELEAF][http-nio-8080-exec-10][dashboard] Deprecated unwrapped fragment expression "dropdown_navbar :: nav" found in template dashboard, line 16, col 6. Please use the complete syntax of fragment expressions instead ("~{dropdown_navbar :: nav}"). The old, unwrapped syntax for fragment expressions will be removed in future versions of Thymeleaf.
2023-02-20T14:21:49.762-06:00 WARN  [-] 2023-02-20 14:21:49,762 [http-nio-8080-exec-3] o.t.s.p.AbstractStandardFragmentInsertionTagProcessor - [THYMELEAF][http-nio-8080-exec-3][dashboard] Deprecated unwrapped fragment expression "dropdown_navbar :: nav" found in template dashboard, line 16, col 6. Please use the complete syntax of fragment expressions instead ("~{dropdown_navbar :: nav}"). The old, unwrapped syntax for fragment expressions will be removed in future versions of Thymeleaf.
 80174 --- [http-nio-8080-exec-3] actStandardFragmentInsertionTagProcessor : [THYMELEAF][http-nio-8080-exec-3][dashboard] Deprecated unwrapped fragment expression "dropdown_navbar :: nav" found in template dashboard, line 16, col 6. Please use the complete syntax of fragment expressions instead ("~{dropdown_navbar :: nav}"). The old, unwrapped syntax for fragment expressions will be removed in future versions of Thymeleaf.
2023-02-20T14:21:54.029-06:00 WARN  [-] 2023-02-20 14:21:54,029 [http-nio-8080-exec-4] o.t.s.p.AbstractStandardFragmentInsertionTagProcessor - [THYMELEAF][http-nio-8080-exec-4][dashboard] Deprecated unwrapped fragment expression "dropdown_navbar :: nav" found in template dashboard, line 16, col 6. Please use the complete syntax of fragment expressions instead ("~{dropdown_navbar :: nav}"). The old, unwrapped syntax for fragment expressions will be removed in future versions of Thymeleaf.
 80174 --- [http-nio-8080-exec-4] actStandardFragmentInsertionTagProcessor : [THYMELEAF][http-nio-8080-exec-4][dashboard] Deprecated unwrapped fragment expression "dropdown_navbar :: nav" found in template dashboard, line 16, col 6. Please use the complete syntax of fragment expressions instead ("~{dropdown_navbar :: nav}"). The old, unwrapped syntax for fragment expressions will be removed in future versions of Thymeleaf.
